2025.10.03 11:10:19 INFO  tracing is disabled for protocol LSP, to enable tracing of incoming and outgoing JSON messages create an empty file at /home/mauro/project/microservice_laravel/shopping-cart/.metals/lsp.trace.json or /home/mauro/.cache/metals/lsp.trace.json[0m
2025.10.03 11:10:20 INFO  logging to file /home/mauro/project/microservice_laravel/shopping-cart/.metals/metals.log[0m
2025.10.03 11:10:20 INFO  Started: Metals version 0.11.2 in workspace '/home/mauro/project/microservice_laravel/shopping-cart' for client coc.nvim 0.0.82.[0m
2025.10.03 11:10:20 INFO  Parse release: 21.0.8[0m
2025.10.03 11:10:22 INFO  time: initialize in 1.72s[0m
2025.10.03 11:10:22 WARN  Build server is not auto-connectable.[0m
2025.10.03 11:52:22 INFO  tracing is disabled for protocol LSP, to enable tracing of incoming and outgoing JSON messages create an empty file at /home/mauro/project/microservice_laravel/shopping-cart/.metals/lsp.trace.json or /home/mauro/.cache/metals/lsp.trace.json[0m
2025.10.03 11:52:22 INFO  logging to file /home/mauro/project/microservice_laravel/shopping-cart/.metals/metals.log[0m
2025.10.03 11:52:22 INFO  Started: Metals version 0.11.2 in workspace '/home/mauro/project/microservice_laravel/shopping-cart' for client coc.nvim 0.0.82.[0m
2025.10.03 11:52:22 INFO  Parse release: 21.0.8[0m
2025.10.03 11:52:25 INFO  time: initialize in 2.62s[0m
2025.10.03 11:52:25 WARN  Build server is not auto-connectable.[0m
2025.10.03 11:52:26 INFO  skipping build import with status 'Requested'[0m
2025.10.03 11:56:37 INFO  tracing is disabled for protocol LSP, to enable tracing of incoming and outgoing JSON messages create an empty file at /home/mauro/project/microservice_laravel/shopping-cart/.metals/lsp.trace.json or /home/mauro/.cache/metals/lsp.trace.json[0m
2025.10.03 11:56:38 INFO  logging to file /home/mauro/project/microservice_laravel/shopping-cart/.metals/metals.log[0m
2025.10.03 11:56:38 INFO  Started: Metals version 0.11.2 in workspace '/home/mauro/project/microservice_laravel/shopping-cart' for client coc.nvim 0.0.82.[0m
2025.10.03 11:56:38 INFO  Parse release: 21.0.8[0m
2025.10.03 11:56:40 INFO  time: initialize in 2.6s[0m
2025.10.03 11:56:41 WARN  Build server is not auto-connectable.[0m
2025.10.03 11:56:41 INFO  skipping build import with status 'Requested'[0m
2025.10.03 14:54:47 INFO  tracing is disabled for protocol LSP, to enable tracing of incoming and outgoing JSON messages create an empty file at /home/mauro/project/microservice_laravel/shopping-cart/.metals/lsp.trace.json or /home/mauro/.cache/metals/lsp.trace.json[0m
2025.10.03 14:54:47 INFO  logging to file /home/mauro/project/microservice_laravel/shopping-cart/.metals/metals.log[0m
2025.10.03 14:54:47 INFO  Started: Metals version 0.11.2 in workspace '/home/mauro/project/microservice_laravel/shopping-cart' for client coc.nvim 0.0.82.[0m
2025.10.03 14:54:47 INFO  Parse release: 21.0.8[0m
2025.10.03 14:54:49 INFO  time: initialize in 1.94s[0m
2025.10.03 14:54:50 WARN  Build server is not auto-connectable.[0m
2025.10.03 14:54:50 INFO  skipping build import with status 'Requested'[0m
2025.10.03 16:49:45 INFO  tracing is disabled for protocol LSP, to enable tracing of incoming and outgoing JSON messages create an empty file at /home/mauro/project/microservice_laravel/shopping-cart/.metals/lsp.trace.json or /home/mauro/.cache/metals/lsp.trace.json[0m
2025.10.03 16:49:45 INFO  logging to file /home/mauro/project/microservice_laravel/shopping-cart/.metals/metals.log[0m
2025.10.03 16:49:45 INFO  Started: Metals version 0.11.2 in workspace '/home/mauro/project/microservice_laravel/shopping-cart' for client coc.nvim 0.0.82.[0m
2025.10.03 16:49:45 INFO  Parse release: 21.0.8[0m
2025.10.03 16:49:47 INFO  time: initialize in 2.15s[0m
2025.10.03 16:49:51 WARN  Build server is not auto-connectable.[0m
2025.10.03 16:49:51 INFO  skipping build import with status 'Requested'[0m
2025.10.03 20:25:14 INFO  tracing is disabled for protocol LSP, to enable tracing of incoming and outgoing JSON messages create an empty file at /home/mauro/project/microservice_laravel/shopping-cart/.metals/lsp.trace.json or /home/mauro/.cache/metals/lsp.trace.json[0m
2025.10.03 20:25:15 INFO  logging to file /home/mauro/project/microservice_laravel/shopping-cart/.metals/metals.log[0m
2025.10.03 20:25:15 INFO  Started: Metals version 0.11.2 in workspace '/home/mauro/project/microservice_laravel/shopping-cart' for client coc.nvim 0.0.82.[0m
2025.10.03 20:25:15 INFO  Parse release: 21.0.8[0m
2025.10.03 20:25:17 INFO  time: initialize in 2.15s[0m
2025.10.03 20:25:17 WARN  Build server is not auto-connectable.[0m
2025.10.03 20:25:18 INFO  skipping build import with status 'Requested'[0m
2025.10.04 10:04:27 INFO  tracing is disabled for protocol LSP, to enable tracing of incoming and outgoing JSON messages create an empty file at /home/mauro/project/microservice_laravel/shopping-cart/.metals/lsp.trace.json or /home/mauro/.cache/metals/lsp.trace.json[0m
2025.10.04 10:04:28 INFO  logging to file /home/mauro/project/microservice_laravel/shopping-cart/.metals/metals.log[0m
2025.10.04 10:04:28 INFO  Started: Metals version 0.11.2 in workspace '/home/mauro/project/microservice_laravel/shopping-cart' for client coc.nvim 0.0.82.[0m
2025.10.04 10:04:28 INFO  Parse release: 21.0.8[0m
2025.10.04 10:04:30 INFO  time: initialize in 2.19s[0m
2025.10.04 10:04:30 WARN  Build server is not auto-connectable.[0m
2025.10.04 10:04:30 INFO  skipping build import with status 'Requested'[0m
2025.10.04 10:29:35 INFO  tracing is disabled for protocol LSP, to enable tracing of incoming and outgoing JSON messages create an empty file at /home/mauro/project/microservice_laravel/shopping-cart/.metals/lsp.trace.json or /home/mauro/.cache/metals/lsp.trace.json[0m
2025.10.04 10:29:35 INFO  logging to file /home/mauro/project/microservice_laravel/shopping-cart/.metals/metals.log[0m
2025.10.04 10:29:35 INFO  Started: Metals version 0.11.2 in workspace '/home/mauro/project/microservice_laravel/shopping-cart' for client coc.nvim 0.0.82.[0m
2025.10.04 10:29:35 INFO  Parse release: 21.0.8[0m
2025.10.04 10:29:38 INFO  time: initialize in 2.25s[0m
2025.10.04 10:29:38 WARN  Build server is not auto-connectable.[0m
2025.10.04 10:29:38 INFO  skipping build import with status 'Requested'[0m
2025.10.04 14:37:51 INFO  tracing is disabled for protocol LSP, to enable tracing of incoming and outgoing JSON messages create an empty file at /home/mauro/project/microservice_laravel/shopping-cart/.metals/lsp.trace.json or /home/mauro/.cache/metals/lsp.trace.json[0m
2025.10.04 14:37:52 INFO  logging to file /home/mauro/project/microservice_laravel/shopping-cart/.metals/metals.log[0m
2025.10.04 14:37:52 INFO  Started: Metals version 0.11.2 in workspace '/home/mauro/project/microservice_laravel/shopping-cart' for client coc.nvim 0.0.82.[0m
2025.10.04 14:37:52 INFO  Parse release: 21.0.8[0m
2025.10.04 14:37:54 INFO  time: initialize in 2.33s[0m
2025.10.04 14:37:55 WARN  Build server is not auto-connectable.[0m
2025.10.04 14:37:55 INFO  skipping build import with status 'Requested'[0m
2025.10.04 15:17:23 INFO  tracing is disabled for protocol LSP, to enable tracing of incoming and outgoing JSON messages create an empty file at /home/mauro/project/microservice_laravel/shopping-cart/.metals/lsp.trace.json or /home/mauro/.cache/metals/lsp.trace.json[0m
2025.10.04 15:17:24 INFO  logging to file /home/mauro/project/microservice_laravel/shopping-cart/.metals/metals.log[0m
2025.10.04 15:17:24 INFO  Started: Metals version 0.11.2 in workspace '/home/mauro/project/microservice_laravel/shopping-cart' for client coc.nvim 0.0.82.[0m
2025.10.04 15:17:24 INFO  Parse release: 21.0.8[0m
2025.10.04 15:17:26 INFO  time: initialize in 1.88s[0m
2025.10.04 15:17:26 WARN  Build server is not auto-connectable.[0m
2025.10.04 15:17:27 WARN  Skipping build import, no checksum.[0m
2025.10.04 15:22:35 INFO  tracing is disabled for protocol LSP, to enable tracing of incoming and outgoing JSON messages create an empty file at /home/mauro/project/microservice_laravel/shopping-cart/.metals/lsp.trace.json or /home/mauro/.cache/metals/lsp.trace.json[0m
2025.10.04 15:22:36 INFO  logging to file /home/mauro/project/microservice_laravel/shopping-cart/.metals/metals.log[0m
2025.10.04 15:22:36 INFO  Started: Metals version 0.11.2 in workspace '/home/mauro/project/microservice_laravel/shopping-cart' for client coc.nvim 0.0.82.[0m
2025.10.04 15:22:36 INFO  Parse release: 21.0.8[0m
2025.10.04 15:22:38 INFO  time: initialize in 2.57s[0m
2025.10.04 15:22:39 WARN  Build server is not auto-connectable.[0m
2025.10.04 15:22:39 INFO  skipping build import with status 'Requested'[0m
2025.10.06 12:41:43 INFO  tracing is disabled for protocol LSP, to enable tracing of incoming and outgoing JSON messages create an empty file at /home/mauro/project/microservice_laravel/shopping-cart/.metals/lsp.trace.json or /home/mauro/.cache/metals/lsp.trace.json[0m
2025.10.06 12:41:43 INFO  logging to file /home/mauro/project/microservice_laravel/shopping-cart/.metals/metals.log[0m
2025.10.06 12:41:43 INFO  Started: Metals version 0.11.2 in workspace '/home/mauro/project/microservice_laravel/shopping-cart' for client coc.nvim 0.0.82.[0m
2025.10.06 12:41:43 INFO  Parse release: 21.0.8[0m
2025.10.06 12:41:46 INFO  time: initialize in 2.53s[0m
2025.10.06 12:41:46 WARN  Build server is not auto-connectable.[0m
2025.10.06 12:41:47 INFO  skipping build import with status 'Requested'[0m
2025.10.06 15:10:29 INFO  tracing is disabled for protocol LSP, to enable tracing of incoming and outgoing JSON messages create an empty file at /home/mauro/project/microservice_laravel/shopping-cart/.metals/lsp.trace.json or /home/mauro/.cache/metals/lsp.trace.json[0m
2025.10.06 15:10:30 INFO  logging to file /home/mauro/project/microservice_laravel/shopping-cart/.metals/metals.log[0m
2025.10.06 15:10:30 INFO  Started: Metals version 0.11.2 in workspace '/home/mauro/project/microservice_laravel/shopping-cart' for client coc.nvim 0.0.82.[0m
2025.10.06 15:10:30 INFO  Parse release: 21.0.8[0m
2025.10.06 15:10:32 INFO  time: initialize in 2.29s[0m
2025.10.06 15:10:32 WARN  Build server is not auto-connectable.[0m
2025.10.07 10:08:20 INFO  tracing is disabled for protocol LSP, to enable tracing of incoming and outgoing JSON messages create an empty file at /home/mauro/project/microservice_laravel/shopping-cart/.metals/lsp.trace.json or /home/mauro/.cache/metals/lsp.trace.json[0m
2025.10.07 10:08:21 INFO  logging to file /home/mauro/project/microservice_laravel/shopping-cart/.metals/metals.log[0m
2025.10.07 10:08:21 INFO  Started: Metals version 0.11.2 in workspace '/home/mauro/project/microservice_laravel/shopping-cart' for client coc.nvim 0.0.82.[0m
2025.10.07 10:08:21 INFO  Parse release: 21.0.8[0m
2025.10.07 10:08:23 INFO  time: initialize in 2.48s[0m
2025.10.07 10:08:24 WARN  Build server is not auto-connectable.[0m
2025.10.07 13:55:20 INFO  tracing is disabled for protocol LSP, to enable tracing of incoming and outgoing JSON messages create an empty file at /home/mauro/project/microservice_laravel/shopping-cart/.metals/lsp.trace.json or /home/mauro/.cache/metals/lsp.trace.json[0m
2025.10.07 13:55:21 INFO  logging to file /home/mauro/project/microservice_laravel/shopping-cart/.metals/metals.log[0m
2025.10.07 13:55:21 INFO  Started: Metals version 0.11.2 in workspace '/home/mauro/project/microservice_laravel/shopping-cart' for client coc.nvim 0.0.82.[0m
2025.10.07 13:55:21 INFO  Parse release: 21.0.8[0m
2025.10.07 13:55:23 INFO  time: initialize in 2.42s[0m
2025.10.07 13:55:23 WARN  Build server is not auto-connectable.[0m
2025.10.07 21:45:28 INFO  tracing is disabled for protocol LSP, to enable tracing of incoming and outgoing JSON messages create an empty file at /home/mauro/project/microservice_laravel/shopping-cart/.metals/lsp.trace.json or /home/mauro/.cache/metals/lsp.trace.json[0m
2025.10.07 21:45:29 INFO  logging to file /home/mauro/project/microservice_laravel/shopping-cart/.metals/metals.log[0m
2025.10.07 21:45:29 INFO  Started: Metals version 0.11.2 in workspace '/home/mauro/project/microservice_laravel/shopping-cart' for client coc.nvim 0.0.82.[0m
2025.10.07 21:45:29 INFO  Parse release: 21.0.8[0m
2025.10.07 21:45:31 INFO  time: initialize in 2.47s[0m
2025.10.07 21:45:31 WARN  Build server is not auto-connectable.[0m
2025.10.07 21:53:55 INFO  tracing is disabled for protocol LSP, to enable tracing of incoming and outgoing JSON messages create an empty file at /home/mauro/project/microservice_laravel/shopping-cart/.metals/lsp.trace.json or /home/mauro/.cache/metals/lsp.trace.json[0m
2025.10.07 21:53:55 INFO  logging to file /home/mauro/project/microservice_laravel/shopping-cart/.metals/metals.log[0m
2025.10.07 21:53:55 INFO  Started: Metals version 0.11.2 in workspace '/home/mauro/project/microservice_laravel/shopping-cart' for client coc.nvim 0.0.82.[0m
2025.10.07 21:53:55 INFO  Parse release: 21.0.8[0m
2025.10.07 21:53:58 INFO  time: initialize in 2.44s[0m
2025.10.07 21:53:58 WARN  Build server is not auto-connectable.[0m
2025.10.07 21:53:58 INFO  skipping build import with status 'Requested'[0m
2025.10.08 11:15:23 INFO  tracing is disabled for protocol LSP, to enable tracing of incoming and outgoing JSON messages create an empty file at /home/mauro/project/microservice_laravel/shopping-cart/.metals/lsp.trace.json or /home/mauro/.cache/metals/lsp.trace.json[0m
2025.10.08 11:15:23 INFO  logging to file /home/mauro/project/microservice_laravel/shopping-cart/.metals/metals.log[0m
2025.10.08 11:15:23 INFO  Started: Metals version 0.11.2 in workspace '/home/mauro/project/microservice_laravel/shopping-cart' for client coc.nvim 0.0.82.[0m
2025.10.08 11:15:23 INFO  Parse release: 21.0.8[0m
2025.10.08 11:15:26 INFO  time: initialize in 2.39s[0m
2025.10.08 11:15:26 WARN  Build server is not auto-connectable.[0m
2025.10.08 11:15:26 INFO  skipping build import with status 'Requested'[0m
2025.10.08 13:37:55 INFO  tracing is disabled for protocol LSP, to enable tracing of incoming and outgoing JSON messages create an empty file at /home/mauro/project/microservice_laravel/shopping-cart/.metals/lsp.trace.json or /home/mauro/.cache/metals/lsp.trace.json[0m
2025.10.08 13:37:56 INFO  logging to file /home/mauro/project/microservice_laravel/shopping-cart/.metals/metals.log[0m
2025.10.08 13:37:56 INFO  Started: Metals version 0.11.2 in workspace '/home/mauro/project/microservice_laravel/shopping-cart' for client coc.nvim 0.0.82.[0m
2025.10.08 13:37:56 INFO  Parse release: 21.0.8[0m
2025.10.08 13:37:59 INFO  time: initialize in 2.6s[0m
2025.10.08 13:38:01 WARN  Build server is not auto-connectable.[0m
2025.10.08 13:38:02 INFO  skipping build import with status 'Requested'[0m
2025.10.09 07:35:53 INFO  tracing is disabled for protocol LSP, to enable tracing of incoming and outgoing JSON messages create an empty file at /home/mauro/project/microservice_laravel/shopping-cart/.metals/lsp.trace.json or /home/mauro/.cache/metals/lsp.trace.json[0m
2025.10.09 07:35:54 INFO  logging to file /home/mauro/project/microservice_laravel/shopping-cart/.metals/metals.log[0m
2025.10.09 07:35:54 INFO  Started: Metals version 0.11.2 in workspace '/home/mauro/project/microservice_laravel/shopping-cart' for client coc.nvim 0.0.82.[0m
2025.10.09 07:35:54 INFO  Parse release: 21.0.8[0m
2025.10.09 07:35:56 INFO  time: initialize in 2.34s[0m
2025.10.09 07:35:57 WARN  Build server is not auto-connectable.[0m
2025.10.09 07:35:57 INFO  skipping build import with status 'Requested'[0m
2025.10.09 20:08:29 INFO  tracing is disabled for protocol LSP, to enable tracing of incoming and outgoing JSON messages create an empty file at /home/mauro/project/microservice_laravel/shopping-cart/.metals/lsp.trace.json or /home/mauro/.cache/metals/lsp.trace.json[0m
2025.10.09 20:08:29 INFO  logging to file /home/mauro/project/microservice_laravel/shopping-cart/.metals/metals.log[0m
2025.10.09 20:08:29 INFO  Started: Metals version 0.11.2 in workspace '/home/mauro/project/microservice_laravel/shopping-cart' for client coc.nvim 0.0.82.[0m
2025.10.09 20:08:29 INFO  Parse release: 21.0.8[0m
2025.10.09 20:08:32 INFO  time: initialize in 2.27s[0m
2025.10.09 20:08:32 WARN  Build server is not auto-connectable.[0m
2025.10.09 20:08:32 INFO  skipping build import with status 'Requested'[0m
2025.10.24 09:24:22 INFO  tracing is disabled for protocol LSP, to enable tracing of incoming and outgoing JSON messages create an empty file at /home/mauro/project/microservice_laravel/shopping-cart/.metals/lsp.trace.json or /home/mauro/.cache/metals/lsp.trace.json[0m
2025.10.24 09:24:23 INFO  logging to file /home/mauro/project/microservice_laravel/shopping-cart/.metals/metals.log[0m
2025.10.24 09:24:23 INFO  Started: Metals version 0.11.2 in workspace '/home/mauro/project/microservice_laravel/shopping-cart' for client coc.nvim 0.0.82.[0m
2025.10.24 09:24:23 INFO  Parse release: 21.0.8[0m
2025.10.24 09:24:25 INFO  time: initialize in 2.44s[0m
2025.10.24 09:24:26 WARN  Build server is not auto-connectable.[0m
2025.10.24 09:24:26 INFO  skipping build import with status 'Requested'[0m
